<?xml version="1.0" encoding="utf-8"?><testsuites name="pytest tests"><testsuite name="pytest" errors="0" failures="0" skipped="0" tests="13" time="294.350" timestamp="2026-04-10T21:43:57.792843+00:00" hostname="agent-env-e8d17161-3ae7-4502-ab33-d6c5aed3a679"><testcase classname="backend.tests.test_chinatown_api.TestAuthentication" name="test_login_testplayer1" time="4.662" /><testcase classname="backend.tests.test_chinatown_api.TestAuthentication" name="test_login_testplayer2" time="0.409" /><testcase classname="backend.tests.test_chinatown_api.TestAuthentication" name="test_login_testplayer3" time="0.351" /><testcase classname="backend.tests.test_chinatown_api.TestAuthentication" name="test_login_invalid_credentials" time="0.351" /><testcase classname="backend.tests.test_chinatown_api.TestAuthentication" name="test_auth_me_endpoint" time="0.484" /><testcase classname="backend.tests.test_chinatown_api.TestAuthentication" name="test_auth_me_without_token" time="0.111" /><testcase classname="backend.tests.test_chinatown_api.TestRoomManagement" name="test_list_rooms" time="0.527" /><testcase classname="backend.tests.test_chinatown_api.TestRoomManagement" name="test_create_room" time="0.708" /><testcase classname="backend.tests.test_chinatown_api.TestRoomManagement" name="test_join_room" time="1.433" /><testcase classname="backend.tests.test_chinatown_api.TestRoomManagement" name="test_leave_room" time="0.664" /><testcase classname="backend.tests.test_chinatown_api.TestSocketIOConnection" name="test_socket_connection_with_auth" time="60.688" /><testcase classname="backend.tests.test_chinatown_api.TestSocketIOConnection" name="test_socket_connection_without_auth" time="60.368" /><testcase classname="backend.tests.test_chinatown_api.TestGameFlow" name="test_full_game_setup_and_card_selection" time="163.211" /></testsuite></testsuites>